\BOOKMARK [1][]{section*.1}{\376\377\000R\000e\000m\000e\000r\000c\000i\000e\000m\000e\000n\000t\000s}{}% 1
\BOOKMARK [1][]{section*.2}{\376\377\000D\000\351\000d\000i\000c\000a\000c\000e}{}% 2
\BOOKMARK [0][]{section*.6}{\376\377\000I\000n\000t\000r\000o\000d\000u\000c\000t\000i\000o\000n\000\040\000G\000\351\000n\000\351\000r\000a\000l\000e}{}% 3
\BOOKMARK [0][]{chapter.1}{\376\377\000\311\000t\000u\000d\000e\000\040\000p\000r\000\351\000a\000l\000a\000b\000l\000e}{}% 4
\BOOKMARK [1][]{section.1.1}{\376\377\000I\000n\000t\000r\000o\000d\000u\000c\000t\000i\000o\000n}{chapter.1}% 5
\BOOKMARK [1][]{section.1.2}{\376\377\000P\000r\000\351\000s\000e\000n\000t\000a\000t\000i\000o\000n\000\040\000d\000e\000\040\000l\000'\000o\000r\000g\000a\000n\000i\000s\000m\000e\000\040\000d\000'\000a\000c\000c\000u\000e\000i\000l}{chapter.1}% 6
\BOOKMARK [1][]{section.1.3}{\376\377\000C\000a\000d\000r\000e\000\040\000d\000u\000\040\000s\000t\000a\000g\000e}{chapter.1}% 7
\BOOKMARK [1][]{section.1.4}{\376\377\000C\000a\000d\000r\000e\000\040\000d\000u\000\040\000p\000r\000o\000j\000e\000t}{chapter.1}% 8
\BOOKMARK [2][]{subsection.1.4.1}{\376\377\000P\000r\000o\000b\000l\000\351\000m\000a\000t\000i\000q\000u\000e}{section.1.4}% 9
\BOOKMARK [2][]{subsection.1.4.2}{\376\377\000O\000b\000j\000e\000c\000t\000i\000f\000s\000\040\000\340\000\040\000a\000t\000t\000e\000i\000n\000d\000r\000e}{section.1.4}% 10
\BOOKMARK [1][]{section.1.5}{\376\377\000A\000n\000a\000l\000y\000s\000e\000\040\000d\000e\000\040\000l\000'\000e\000x\000i\000s\000t\000a\000n\000t}{chapter.1}% 11
\BOOKMARK [2][]{subsection.1.5.1}{\376\377\000\311\000t\000u\000d\000e\000\040\000d\000e\000\040\000l\000'\000e\000x\000i\000s\000t\000a\000n\000t}{section.1.5}% 12
\BOOKMARK [2][]{subsection.1.5.2}{\376\377\000C\000r\000i\000t\000i\000q\000u\000e\000s\000\040\000d\000e\000\040\000l\000'\000e\000x\000i\000s\000t\000a\000n\000t}{section.1.5}% 13
\BOOKMARK [2][]{subsection.1.5.3}{\376\377\000A\000n\000a\000l\000y\000s\000e\000\040\000S\000W\000O\000T}{section.1.5}% 14
\BOOKMARK [1][]{section.1.6}{\376\377\000S\000o\000l\000u\000t\000i\000o\000n\000\040\000p\000r\000o\000p\000o\000s\000\351\000e}{chapter.1}% 15
\BOOKMARK [1][]{section.1.7}{\376\377\000P\000r\000o\000c\000e\000s\000s\000u\000s\000\040\000d\000e\000\040\000d\000\351\000v\000e\000l\000o\000p\000p\000e\000m\000e\000n\000t}{chapter.1}% 16
\BOOKMARK [0][]{chapter.2}{\376\377\000P\000r\000\351\000p\000a\000r\000a\000t\000i\000o\000n\000\040\000d\000u\000\040\000p\000r\000o\000j\000e\000t}{}% 17
\BOOKMARK [1][]{section.2.1}{\376\377\000C\000a\000p\000t\000u\000r\000e\000\040\000d\000e\000s\000\040\000b\000e\000s\000o\000i\000n\000s}{chapter.2}% 18
\BOOKMARK [2][]{subsection.2.1.1}{\376\377\000S\000p\000\351\000c\000i\000f\000i\000c\000a\000t\000i\000o\000n\000\040\000d\000e\000s\000\040\000b\000e\000s\000o\000i\000n\000s}{section.2.1}% 19
\BOOKMARK [3][]{subsubsection.2.1.1.1}{\376\377\000E\000x\000i\000g\000e\000n\000c\000e\000s\000\040\000f\000o\000n\000c\000t\000i\000o\000n\000n\000e\000l\000l\000e\000s}{subsection.2.1.1}% 20
\BOOKMARK [3][]{subsubsection.2.1.1.2}{\376\377\000E\000x\000i\000g\000e\000n\000c\000e\000s\000\040\000n\000o\000n\000\040\000f\000o\000n\000c\000t\000i\000o\000n\000n\000e\000l\000l\000e\000s}{subsection.2.1.1}% 21
\BOOKMARK [1][]{section.2.2}{\376\377\000M\000o\000d\000\351\000l\000i\000s\000a\000t\000i\000o\000n\000\040\000d\000e\000s\000\040\000b\000e\000s\000o\000i\000n\000s}{chapter.2}% 22
\BOOKMARK [2][]{subsection.2.2.1}{\376\377\000I\000d\000e\000n\000t\000i\000f\000i\000c\000a\000t\000i\000o\000n\000\040\000d\000e\000s\000\040\000a\000c\000t\000e\000u\000r\000s}{section.2.2}% 23
\BOOKMARK [2][]{subsection.2.2.2}{\376\377\000I\000d\000e\000n\000t\000i\000f\000i\000c\000a\000t\000i\000o\000n\000\040\000d\000e\000s\000\040\000c\000a\000s\000\040\000d\000'\000u\000t\000i\000l\000i\000s\000a\000t\000i\000o\000n}{section.2.2}% 24
\BOOKMARK [2][]{subsection.2.2.3}{\376\377\000D\000i\000a\000g\000r\000a\000m\000m\000e\000\040\000d\000e\000\040\000c\000a\000s\000\040\000d\000'\000u\000t\000i\000l\000i\000s\000a\000t\000i\000o\000n\000\040\000g\000l\000o\000b\000a\000l}{section.2.2}% 25
\BOOKMARK [1][]{section.2.3}{\376\377\000D\000i\000a\000g\000r\000a\000m\000m\000e\000\040\000d\000e\000\040\000c\000l\000a\000s\000s\000e\000s\000\040\000g\000l\000o\000b\000a\000l}{chapter.2}% 26
\BOOKMARK [1][]{section.2.4}{\376\377\000P\000i\000l\000o\000t\000a\000g\000e\000\040\000d\000u\000\040\000p\000r\000o\000j\000e\000t\000\040\000a\000v\000e\000c\000\040\000S\000c\000r\000u\000m}{chapter.2}% 27
\BOOKMARK [2][]{subsection.2.4.1}{\376\377\000\311\000q\000u\000i\000p\000e\000\040\000e\000t\000\040\000r\000\364\000l\000e\000s}{section.2.4}% 28
\BOOKMARK [2][]{subsection.2.4.2}{\376\377\000L\000e\000\040\000B\000a\000c\000k\000l\000o\000g\000\040\000d\000u\000\040\000p\000r\000o\000d\000u\000i\000t}{section.2.4}% 29
\BOOKMARK [2][]{subsection.2.4.3}{\376\377\000P\000l\000a\000n\000i\000f\000i\000c\000a\000t\000i\000o\000n\000\040\000d\000e\000s\000\040\000s\000p\000r\000i\000n\000t\000s}{section.2.4}% 30
\BOOKMARK [1][]{section.2.5}{\376\377\000E\000n\000v\000i\000r\000o\000n\000n\000e\000m\000e\000n\000t\000\040\000d\000e\000\040\000t\000r\000a\000v\000a\000i\000l}{chapter.2}% 31
\BOOKMARK [2][]{subsection.2.5.1}{\376\377\000E\000n\000v\000i\000r\000o\000n\000n\000e\000m\000e\000n\000t\000\040\000m\000a\000t\000\351\000r\000i\000e\000l}{section.2.5}% 32
\BOOKMARK [2][]{subsection.2.5.2}{\376\377\000E\000n\000v\000i\000r\000o\000n\000n\000e\000m\000e\000n\000t\000\040\000l\000o\000g\000i\000c\000i\000e\000l}{section.2.5}% 33
\BOOKMARK [1][]{section.2.6}{\376\377\000A\000r\000c\000h\000i\000t\000e\000c\000t\000u\000r\000e\000\040\000d\000e\000\040\000l\000'\000a\000p\000p\000l\000i\000c\000a\000t\000i\000o\000n}{chapter.2}% 34
\BOOKMARK [0][]{chapter.3}{\376\377\000S\000p\000r\000i\000n\000t\000\040\0001\000\040\040\024\000\040\000A\000u\000t\000h\000e\000n\000t\000i\000f\000i\000c\000a\000t\000i\000o\000n\000\040\000e\000t\000\040\000r\000\351\000f\000\351\000r\000e\000n\000t\000i\000e\000l\000\040\000m\000\351\000t\000i\000e\000r}{}% 35
\BOOKMARK [1][]{section.3.1}{\376\377\000B\000a\000c\000k\000l\000o\000g\000\040\000d\000u\000\040\000S\000p\000r\000i\000n\000t\000\040\0001}{chapter.3}% 36
\BOOKMARK [1][]{section.3.2}{\376\377\000A\000n\000a\000l\000y\000s\000e}{chapter.3}% 37
\BOOKMARK [2][]{subsection.3.2.1}{\376\377\000D\000i\000a\000g\000r\000a\000m\000m\000e\000\040\000d\000e\000\040\000c\000a\000s\000\040\000d\000'\000u\000t\000i\000l\000i\000s\000a\000t\000i\000o\000n\000\040\000d\000u\000\040\000S\000p\000r\000i\000n\000t\000\040\0001}{section.3.2}% 38
\BOOKMARK [2][]{subsection.3.2.2}{\376\377\000D\000e\000s\000c\000r\000i\000p\000t\000i\000o\000n\000\040\000d\000e\000s\000\040\000c\000a\000s\000\040\000d\000'\000u\000t\000i\000l\000i\000s\000a\000t\000i\000o\000n}{section.3.2}% 39
\BOOKMARK [3][]{subsubsection.3.2.2.1}{\376\377\000C\000U\000-\0000\0001\000\040\000:\000\040\000S\000'\000a\000u\000t\000h\000e\000n\000t\000i\000f\000i\000e\000r}{subsection.3.2.2}% 40
\BOOKMARK [3][]{subsubsection.3.2.2.2}{\376\377\000C\000U\000-\0000\0003\000\040\000:\000\040\000G\000\351\000r\000e\000r\000\040\000l\000e\000s\000\040\000u\000t\000i\000l\000i\000s\000a\000t\000e\000u\000r\000s\000\040\000i\000n\000t\000e\000r\000n\000e\000s}{subsection.3.2.2}% 41
\BOOKMARK [3][]{subsubsection.3.2.2.3}{\376\377\000C\000U\000-\0000\0004\000\040\000:\000\040\000G\000\351\000r\000e\000r\000\040\000l\000e\000s\000\040\000c\000l\000i\000e\000n\000t\000s}{subsection.3.2.2}% 42
\BOOKMARK [3][]{subsubsection.3.2.2.4}{\376\377\000C\000U\000-\0000\0005\000\040\000:\000\040\000G\000\351\000r\000e\000r\000\040\000l\000e\000\040\000c\000a\000t\000a\000l\000o\000g\000u\000e\000\040\000d\000'\000\351\000q\000u\000i\000p\000e\000m\000e\000n\000t\000s}{subsection.3.2.2}% 43
\BOOKMARK [3][]{subsubsection.3.2.2.5}{\376\377\000C\000U\000-\0000\0006\000\040\000:\000\040\000A\000f\000f\000e\000c\000t\000e\000r\000\040\000u\000n\000\040\000\351\000q\000u\000i\000p\000e\000m\000e\000n\000t\000\040\000\340\000\040\000u\000n\000\040\000c\000l\000i\000e\000n\000t\000\040\000\050\000C\000l\000i\000e\000n\000t\000E\000q\000u\000i\000p\000e\000m\000e\000n\000t\000\051}{subsection.3.2.2}% 44
\BOOKMARK [3][]{subsubsection.3.2.2.6}{\376\377\000C\000U\000-\0000\0007\000\040\000:\000\040\000G\000\351\000r\000e\000r\000\040\000l\000e\000s\000\040\000c\000o\000n\000t\000r\000a\000t\000s\000\040\000d\000e\000\040\000m\000a\000i\000n\000t\000e\000n\000a\000n\000c\000e}{subsection.3.2.2}% 45
\BOOKMARK [3][]{subsubsection.3.2.2.7}{\376\377\000C\000U\000-\0000\0008\000\040\000:\000\040\000G\000\351\000n\000\351\000r\000e\000r\000\040\000a\000u\000t\000o\000m\000a\000t\000i\000q\000u\000e\000m\000e\000n\000t\000\040\000l\000e\000\040\000p\000l\000a\000n\000n\000i\000n\000g\000\040\000p\000r\000\351\000v\000e\000n\000t\000i\000f}{subsection.3.2.2}% 46
\BOOKMARK [1][]{section.3.3}{\376\377\000C\000o\000n\000c\000e\000p\000t\000i\000o\000n}{chapter.3}% 47
\BOOKMARK [2][]{subsection.3.3.1}{\376\377\000D\000i\000a\000g\000r\000a\000m\000m\000e\000\040\000d\000e\000\040\000c\000l\000a\000s\000s\000e\000s\000\040\000d\000u\000\040\000S\000p\000r\000i\000n\000t\000\040\0001}{section.3.3}% 48
\BOOKMARK [2][]{subsection.3.3.2}{\376\377\000D\000i\000a\000g\000r\000a\000m\000m\000e\000s\000\040\000d\000e\000\040\000s\000\351\000q\000u\000e\000n\000c\000e}{section.3.3}% 49
\BOOKMARK [3][]{subsubsection.3.3.2.1}{\376\377\000D\000i\000a\000g\000r\000a\000m\000m\000e\000\040\000d\000e\000\040\000s\000\351\000q\000u\000e\000n\000c\000e\000\040\000:\000\040\000C\000o\000n\000n\000e\000x\000i\000o\000n\000\040\000\050\000e\000m\000a\000i\000l\000\040\000o\000u\000\040\000t\000\351\000l\000\351\000p\000h\000o\000n\000e\000\051}{subsection.3.3.2}% 50
\BOOKMARK [3][]{subsubsection.3.3.2.2}{\376\377\000D\000i\000a\000g\000r\000a\000m\000m\000e\000\040\000d\000e\000\040\000s\000\351\000q\000u\000e\000n\000c\000e\000\040\000:\000\040\000A\000j\000o\000u\000t\000\040\000\351\000q\000u\000i\000p\000e\000m\000e\000n\000t\000\040\000e\000t\000\040\000g\000e\000s\000t\000i\000o\000n\000\040\000d\000e\000s\000\040\000i\000m\000a\000g\000e\000s}{subsection.3.3.2}% 51
\BOOKMARK [1][]{section.3.4}{\376\377\000R\000\351\000a\000l\000i\000s\000a\000t\000i\000o\000n}{chapter.3}% 52
\BOOKMARK [0][]{chapter.4}{\376\377\000S\000p\000r\000i\000n\000t\000\040\0002\000\040\040\024\000\040\000G\000e\000s\000t\000i\000o\000n\000\040\000d\000e\000s\000\040\000i\000n\000t\000e\000r\000v\000e\000n\000t\000i\000o\000n\000s}{}% 53
\BOOKMARK [1][]{section.4.1}{\376\377\000B\000a\000c\000k\000l\000o\000g\000\040\000d\000u\000\040\000S\000p\000r\000i\000n\000t\000\040\0002}{chapter.4}% 54
\BOOKMARK [1][]{section.4.2}{\376\377\000A\000n\000a\000l\000y\000s\000e}{chapter.4}% 55
\BOOKMARK [2][]{subsection.4.2.1}{\376\377\000D\000i\000a\000g\000r\000a\000m\000m\000e\000\040\000d\000e\000\040\000c\000a\000s\000\040\000d\000'\000u\000t\000i\000l\000i\000s\000a\000t\000i\000o\000n\000\040\000d\000u\000\040\000S\000p\000r\000i\000n\000t\000\040\0002}{section.4.2}% 56
\BOOKMARK [2][]{subsection.4.2.2}{\376\377\000D\000e\000s\000c\000r\000i\000p\000t\000i\000o\000n\000\040\000d\000e\000s\000\040\000c\000a\000s\000\040\000d\000'\000u\000t\000i\000l\000i\000s\000a\000t\000i\000o\000n}{section.4.2}% 57
\BOOKMARK [3][]{subsubsection.4.2.2.1}{\376\377\000C\000U\000-\0000\0009\000\040\000:\000\040\000A\000f\000f\000e\000c\000t\000e\000r\000\040\000u\000n\000\040\000t\000e\000c\000h\000n\000i\000c\000i\000e\000n\000\040\000\340\000\040\000u\000n\000e\000\040\000i\000n\000t\000e\000r\000v\000e\000n\000t\000i\000o\000n}{subsection.4.2.2}% 58
\BOOKMARK [3][]{subsubsection.4.2.2.2}{\376\377\000C\000U\000-\0001\0000\000\040\000:\000\040\000C\000o\000n\000s\000u\000l\000t\000e\000r\000\040\000l\000e\000\040\000p\000l\000a\000n\000n\000i\000n\000g}{subsection.4.2.2}% 59
\BOOKMARK [3][]{subsubsection.4.2.2.3}{\376\377\000C\000U\000-\0001\0001\000\040\000:\000\040\000C\000l\000\364\000t\000u\000r\000e\000r\000\040\000u\000n\000e\000\040\000i\000n\000t\000e\000r\000v\000e\000n\000t\000i\000o\000n\000\040\000p\000r\000\351\000v\000e\000n\000t\000i\000v\000e}{subsection.4.2.2}% 60
\BOOKMARK [3][]{subsubsection.4.2.2.4}{\376\377\000C\000U\000-\0001\0002\000\040\000:\000\040\000D\000\351\000c\000l\000a\000r\000e\000r\000\040\000u\000n\000e\000\040\000p\000a\000n\000n\000e}{subsection.4.2.2}% 61
\BOOKMARK [3][]{subsubsection.4.2.2.5}{\376\377\000C\000U\000-\0001\0003\000\040\000:\000\040\000P\000r\000e\000n\000d\000r\000e\000\040\000e\000n\000\040\000c\000h\000a\000r\000g\000e\000\040\000u\000n\000e\000\040\000p\000a\000n\000n\000e}{subsection.4.2.2}% 62
\BOOKMARK [3][]{subsubsection.4.2.2.6}{\376\377\000C\000U\000-\0001\0004\000\040\000:\000\040\000C\000o\000n\000v\000e\000r\000t\000i\000r\000\040\000u\000n\000e\000\040\000p\000a\000n\000n\000e\000\040\000e\000n\000\040\000i\000n\000t\000e\000r\000v\000e\000n\000t\000i\000o\000n\000\040\000c\000u\000r\000a\000t\000i\000v\000e}{subsection.4.2.2}% 63
\BOOKMARK [1][]{section.4.3}{\376\377\000C\000o\000n\000c\000e\000p\000t\000i\000o\000n}{chapter.4}% 64
\BOOKMARK [2][]{subsection.4.3.1}{\376\377\000D\000i\000a\000g\000r\000a\000m\000m\000e\000\040\000d\000e\000\040\000c\000l\000a\000s\000s\000e\000s\000\040\000d\000u\000\040\000S\000p\000r\000i\000n\000t\000\040\0002}{section.4.3}% 65
\BOOKMARK [2][]{subsection.4.3.2}{\376\377\000D\000i\000a\000g\000r\000a\000m\000m\000e\000s\000\040\000d\000e\000\040\000s\000\351\000q\000u\000e\000n\000c\000e}{section.4.3}% 66
\BOOKMARK [3][]{subsubsection.4.3.2.1}{\376\377\000D\000i\000a\000g\000r\000a\000m\000m\000e\000\040\000d\000e\000\040\000s\000\351\000q\000u\000e\000n\000c\000e\000\040\000:\000\040\000C\000l\000\364\000t\000u\000r\000e\000\040\000i\000n\000t\000e\000r\000v\000e\000n\000t\000i\000o\000n\000\040\000c\000u\000r\000a\000t\000i\000v\000e\000\040\000e\000t\000\040\000v\000\351\000r\000i\000f\000i\000c\000a\000t\000i\000o\000n\000\040\000c\000o\000u\000v\000e\000r\000t\000u\000r\000e}{subsection.4.3.2}% 67
\BOOKMARK [1][]{section.4.4}{\376\377\000R\000\351\000a\000l\000i\000s\000a\000t\000i\000o\000n}{chapter.4}% 68
\BOOKMARK [0][]{chapter.5}{\376\377\000S\000p\000r\000i\000n\000t\000\040\0003\000\040\040\024\000\040\000F\000a\000c\000t\000u\000r\000a\000t\000i\000o\000n\000\040\000e\000t\000\040\000t\000a\000b\000l\000e\000a\000u\000\040\000d\000e\000\040\000b\000o\000r\000d}{}% 69
\BOOKMARK [1][]{section.5.1}{\376\377\000I\000n\000t\000r\000o\000d\000u\000c\000t\000i\000o\000n}{chapter.5}% 70
\BOOKMARK [1][]{section.5.2}{\376\377\000B\000a\000c\000k\000l\000o\000g\000\040\000d\000u\000\040\000S\000p\000r\000i\000n\000t\000\040\0003}{chapter.5}% 71
\BOOKMARK [1][]{section.5.3}{\376\377\000A\000n\000a\000l\000y\000s\000e}{chapter.5}% 72
\BOOKMARK [2][]{subsection.5.3.1}{\376\377\000D\000i\000a\000g\000r\000a\000m\000m\000e\000\040\000d\000e\000\040\000c\000a\000s\000\040\000d\000'\000u\000t\000i\000l\000i\000s\000a\000t\000i\000o\000n\000\040\000d\000u\000\040\000S\000p\000r\000i\000n\000t\000\040\0003}{section.5.3}% 73
\BOOKMARK [2][]{subsection.5.3.2}{\376\377\000D\000e\000s\000c\000r\000i\000p\000t\000i\000o\000n\000\040\000d\000e\000s\000\040\000c\000a\000s\000\040\000d\000'\000u\000t\000i\000l\000i\000s\000a\000t\000i\000o\000n}{section.5.3}% 74
\BOOKMARK [3][]{subsubsection.5.3.2.1}{\376\377\000C\000U\000-\0001\0006\000\040\000:\000\040\000G\000\351\000n\000\351\000r\000e\000r\000\040\000u\000n\000e\000\040\000f\000a\000c\000t\000u\000r\000e}{subsection.5.3.2}% 75
\BOOKMARK [3][]{subsubsection.5.3.2.2}{\376\377\000C\000U\000-\0001\0007\000\040\000:\000\040\000C\000o\000n\000s\000u\000l\000t\000e\000r\000\040\000l\000e\000s\000\040\000f\000a\000c\000t\000u\000r\000e\000s}{subsection.5.3.2}% 76
\BOOKMARK [3][]{subsubsection.5.3.2.3}{\376\377\000C\000U\000-\0001\0009\000\040\000:\000\040\000C\000o\000n\000s\000u\000l\000t\000e\000r\000\040\000l\000e\000\040\000t\000a\000b\000l\000e\000a\000u\000\040\000d\000e\000\040\000b\000o\000r\000d\000\040\000a\000d\000m\000i\000n\000i\000s\000t\000r\000a\000t\000e\000u\000r}{subsection.5.3.2}% 77
\BOOKMARK [3][]{subsubsection.5.3.2.4}{\376\377\000C\000U\000-\0002\0000\000\040\000:\000\040\000C\000o\000n\000s\000u\000l\000t\000e\000r\000\040\000l\000e\000\040\000t\000a\000b\000l\000e\000a\000u\000\040\000d\000e\000\040\000b\000o\000r\000d\000\040\000t\000e\000c\000h\000n\000i\000c\000i\000e\000n}{subsection.5.3.2}% 78
\BOOKMARK [3][]{subsubsection.5.3.2.5}{\376\377\000C\000U\000-\0002\0001\000\040\000:\000\040\000C\000o\000n\000s\000u\000l\000t\000e\000r\000\040\000l\000'\000e\000s\000p\000a\000c\000e\000\040\000c\000l\000i\000e\000n\000t}{subsection.5.3.2}% 79
\BOOKMARK [3][]{subsubsection.5.3.2.6}{\376\377\000C\000U\000-\0002\0002\000\040\000:\000\040\000C\000o\000n\000s\000u\000l\000t\000e\000r\000\040\000l\000'\000h\000i\000s\000t\000o\000r\000i\000q\000u\000e\000\040\000d\000e\000s\000\040\000i\000n\000t\000e\000r\000v\000e\000n\000t\000i\000o\000n\000s}{subsection.5.3.2}% 80
\BOOKMARK [1][]{section.5.4}{\376\377\000C\000o\000n\000c\000e\000p\000t\000i\000o\000n}{chapter.5}% 81
\BOOKMARK [2][]{subsection.5.4.1}{\376\377\000D\000i\000a\000g\000r\000a\000m\000m\000e\000\040\000d\000e\000\040\000c\000l\000a\000s\000s\000e\000s\000\040\000d\000u\000\040\000S\000p\000r\000i\000n\000t\000\040\0003}{section.5.4}% 82
\BOOKMARK [2][]{subsection.5.4.2}{\376\377\000D\000i\000a\000g\000r\000a\000m\000m\000e\000s\000\040\000d\000e\000\040\000s\000\351\000q\000u\000e\000n\000c\000e}{section.5.4}% 83
\BOOKMARK [3][]{subsubsection.5.4.2.1}{\376\377\000D\000i\000a\000g\000r\000a\000m\000m\000e\000\040\000d\000e\000\040\000s\000\351\000q\000u\000e\000n\000c\000e\000\040\000:\000\040\000G\000\351\000n\000\351\000r\000a\000t\000i\000o\000n\000\040\000d\000'\000u\000n\000e\000\040\000f\000a\000c\000t\000u\000r\000e}{subsection.5.4.2}% 84
\BOOKMARK [3][]{subsubsection.5.4.2.2}{\376\377\000D\000i\000a\000g\000r\000a\000m\000m\000e\000\040\000d\000e\000\040\000s\000\351\000q\000u\000e\000n\000c\000e\000\040\000:\000\040\000C\000o\000n\000s\000u\000l\000t\000a\000t\000i\000o\000n\000\040\000d\000e\000\040\000l\000'\000h\000i\000s\000t\000o\000r\000i\000q\000u\000e\000\040\000c\000\364\000t\000\351\000\040\000c\000l\000i\000e\000n\000t}{subsection.5.4.2}% 85
\BOOKMARK [1][]{section.5.5}{\376\377\000R\000\351\000a\000l\000i\000s\000a\000t\000i\000o\000n}{chapter.5}% 86
\BOOKMARK [0][]{section*.66}{\376\377\000C\000o\000n\000c\000l\000u\000s\000i\000o\000n\000\040\000G\000\351\000n\000\351\000r\000a\000l\000e}{}% 87
\BOOKMARK [0][]{section*.68}{\376\377\000P\000e\000r\000s\000p\000e\000c\000t\000i\000v\000e\000s}{}% 88
\BOOKMARK [0][]{section*.70}{\376\377\000W\000e\000b\000o\000g\000r\000a\000p\000h\000i\000e}{}% 89
\BOOKMARK [0][]{section*.72}{\376\377\000R\000\351\000s\000u\000m\000\351}{}% 90
\BOOKMARK [0][]{section*.73}{\376\377\000A\000b\000s\000t\000r\000a\000c\000t}{}% 91
